============================= test session starts =============================
platform win32 -- Python 3.11.9, pytest-9.0.2, pluggy-1.6.0 -- C:\Users\ARUN NIVAAS\AppData\Local\Programs\Python\Python311\python.exe
cachedir: .pytest_cache
rootdir: A:\Data Science\Cable-design-validation-system-UI
configfile: pyproject.toml
testpaths: tests
plugins: anyio-4.11.0, langsmith-0.4.49
collecting ... collected 0 items / 1 error

=================================== ERRORS ====================================
_________________ ERROR collecting tests/test_api_service.py __________________
ImportError while importing test module 'A:\Data Science\Cable-design-validation-system-UI\tests\test_api_service.py'.
Hint: make sure your test modules/packages have valid Python names.
Traceback:
C:\Users\ARUN NIVAAS\AppData\Local\Programs\Python\Python311\Lib\importlib\__init__.py:126: in import_module
    return _bootstrap._gcd_import(name[level:], package, level)
           ^^^^^^^^^^^^^^^^^^^^^^^^^^^^^^^^^^^^^^^^^^^^^^^^^^^^
tests\test_api_service.py:2: in <module>
    from src.api_service import ApiService
E   ModuleNotFoundError: No module named 'src'
=========================== short test summary info ===========================
ERROR tests/test_api_service.py
!!!!!!!!!!!!!!!!!!! Interrupted: 1 error during collection !!!!!!!!!!!!!!!!!!!!
============================== 1 error in 0.22s ===============================
